This is pdfTeX, Version 3.141592653-2.6-1.40.22 (TeX Live 2021) (preloaded format=pdflatex 2021.11.7)  30 OCT 2025 14:28
entering extended mode
 restricted \write18 enabled.
 file:line:error style messages enabled.
 %&-line parsing enabled.
**/Users/yaoxianglin/Desktop/è‡ªç„¶è¯­è¨€å¤„ç†/NLP_project_2025fall/HW1/main.tex
(/Users/yaoxianglin/Desktop/è‡ªç„¶è¯­è¨€å¤„ç†/NLP_project_2025fall/HW1/main.tex
LaTeX2e <2020-10-01> patch level 4
L3 programming layer <2021-02-18> (/usr/local/texlive/2021/texmf-dist/tex/latex/base/article.cls
Document Class: article 2020/04/10 v1.4m Standard LaTeX document class
(/usr/local/texlive/2021/texmf-dist/tex/latex/base/size11.clo
File: size11.clo 2020/04/10 v1.4m Standard LaTeX file (size option)
)
\c@part=\count179
\c@section=\count180
\c@subsection=\count181
\c@subsubsection=\count182
\c@paragraph=\count183
\c@subparagraph=\count184
\c@figure=\count185
\c@table=\count186
\abovecaptionskip=\skip47
\belowcaptionskip=\skip48
\bibindent=\dimen138
) (/usr/local/texlive/2021/texmf-dist/tex/latex/geometry/geometry.sty
Package: geometry 2020/01/02 v5.9 Page Geometry
 (/usr/local/texlive/2021/texmf-dist/tex/latex/graphics/keyval.sty
Package: keyval 2014/10/28 v1.15 key=value parser (DPC)
\KV@toks@=\toks15
) (/usr/local/texlive/2021/texmf-dist/tex/generic/iftex/ifvtex.sty
Package: ifvtex 2019/10/25 v1.7 ifvtex legacy package. Use iftex instead.
 (/usr/local/texlive/2021/texmf-dist/tex/generic/iftex/iftex.sty
Package: iftex 2020/03/06 v1.0d TeX engine tests
))
\Gm@cnth=\count187
\Gm@cntv=\count188
\c@Gm@tempcnt=\count189
\Gm@bindingoffset=\dimen139
\Gm@wd@mp=\dimen140
\Gm@odd@mp=\dimen141
\Gm@even@mp=\dimen142
\Gm@layoutwidth=\dimen143
\Gm@layoutheight=\dimen144
\Gm@layouthoffset=\dimen145
\Gm@layoutvoffset=\dimen146
\Gm@dimlist=\toks16
) (/usr/local/texlive/2021/texmf-dist/tex/latex/setspace/setspace.sty
Package: setspace 2011/12/19 v6.7a set line spacing
) (/usr/local/texlive/2021/texmf-dist/tex/latex/ctex/ctex.sty (/usr/local/texlive/2021/texmf-dist/tex/latex/l3kernel/expl3.sty
Package: expl3 2021-02-18 L3 programming layer (loader) 
 (/usr/local/texlive/2021/texmf-dist/tex/latex/l3backend/l3backend-pdftex.def
File: l3backend-pdftex.def 2021-03-18 L3 backend support: PDF output (pdfTeX)
\l__color_backend_stack_int=\count190
\l__pdf_internal_box=\box47
))
Package: ctex 2021/03/14 v2.5.6 Chinese adapter in LaTeX (CTEX)
 (/usr/local/texlive/2021/texmf-dist/tex/latex/l3packages/xparse/xparse.sty (/usr/local/texlive/2021/texmf-dist/tex/latex/l3packages/xparse/xparse-2020-10-01.sty (/usr/local/texlive/2021/texmf-dist/tex/latex/l3packages/xparse/xparse-generic.tex))) (/usr/local/texlive/2021/texmf-dist/tex/latex/l3packages/l3keys2e/l3keys2e.sty
Package: l3keys2e 2021-03-12 LaTeX2e option processing using LaTeX3 keys
) (/usr/local/texlive/2021/texmf-dist/tex/latex/ctex/ctexhook.sty
Package: ctexhook 2021/03/14 v2.5.6 Document and package hooks (CTEX)
) (/usr/local/texlive/2021/texmf-dist/tex/latex/ctex/ctexpatch.sty
Package: ctexpatch 2021/03/14 v2.5.6 Patching commands (CTEX)
) (/usr/local/texlive/2021/texmf-dist/tex/latex/base/fix-cm.sty
Package: fix-cm 2015/01/14 v1.1t fixes to LaTeX
 (/usr/local/texlive/2021/texmf-dist/tex/latex/base/ts1enc.def
File: ts1enc.def 2001/06/05 v3.0e (jk/car/fm) Standard LaTeX file
LaTeX Font Info:    Redeclaring font encoding TS1 on input line 47.
)) (/usr/local/texlive/2021/texmf-dist/tex/latex/everysel/everysel.sty
Package: everysel 2021/01/20 v2.1 EverySelectfont Package (MS)
 (/usr/local/texlive/2021/texmf-dist/tex/latex/everysel/everysel-2011-10-28.sty))
\l__ctex_tmp_int=\count191
\l__ctex_tmp_box=\box48
\l__ctex_tmp_dim=\dimen147
\g__ctex_section_depth_int=\count192
\g__ctex_font_size_int=\count193
 (/usr/local/texlive/2021/texmf-dist/tex/latex/ctex/config/ctexopts.cfg
File: ctexopts.cfg 2021/03/14 v2.5.6 Option configuration file (CTEX)
)

Package ctex Warning: UTF8 will be used as the default encoding.

(/usr/local/texlive/2021/texmf-dist/tex/latex/ctex/engine/ctex-engine-pdftex.def
File: ctex-engine-pdftex.def 2021/03/14 v2.5.6 (pdf)LaTeX adapter (CTEX)
 (/usr/local/texlive/2021/texmf-dist/tex/latex/cjk/texinput/CJKutf8.sty
Package: CJKutf8 2015/04/18 4.8.4
 (/usr/local/texlive/2021/texmf-dist/tex/generic/iftex/ifpdf.sty
Package: ifpdf 2019/10/25 v3.4 ifpdf legacy package. Use iftex instead.
) (/usr/local/texlive/2021/texmf-dist/tex/latex/base/inputenc.sty
Package: inputenc 2020/08/01 v1.3d Input encoding file
\inpenc@prehook=\toks17
\inpenc@posthook=\toks18
) (/usr/local/texlive/2021/texmf-dist/tex/latex/cjk/texinput/CJK.sty
Package: CJK 2015/04/18 4.8.4
 (/usr/local/texlive/2021/texmf-dist/tex/latex/cjk/texinput/mule/MULEenc.sty
Package: MULEenc 2015/04/18 4.8.4
) (/usr/local/texlive/2021/texmf-dist/tex/latex/cjk/texinput/CJK.enc
File: CJK.enc 2015/04/18 4.8.4
Now handling font encoding C00 ...
... no UTF-8 mapping file for font encoding C00
Now handling font encoding C05 ...
... no UTF-8 mapping file for font encoding C05
Now handling font encoding C09 ...
... no UTF-8 mapping file for font encoding C09
Now handling font encoding C10 ...
... no UTF-8 mapping file for font encoding C10
Now handling font encoding C20 ...
... no UTF-8 mapping file for font encoding C20
Now handling font encoding C19 ...
... no UTF-8 mapping file for font encoding C19
Now handling font encoding C40 ...
... no UTF-8 mapping file for font encoding C40
Now handling font encoding C42 ...
... no UTF-8 mapping file for font encoding C42
Now handling font encoding C43 ...
... no UTF-8 mapping file for font encoding C43
Now handling font encoding C50 ...
... no UTF-8 mapping file for font encoding C50
Now handling font encoding C52 ...
... no UTF-8 mapping file for font encoding C52
Now handling font encoding C49 ...
... no UTF-8 mapping file for font encoding C49
Now handling font encoding C60 ...
... no UTF-8 mapping file for font encoding C60
Now handling font encoding C61 ...
... no UTF-8 mapping file for font encoding C61
Now handling font encoding C63 ...
... no UTF-8 mapping file for font encoding C63
Now handling font encoding C64 ...
... no UTF-8 mapping file for font encoding C64
Now handling font encoding C65 ...
... no UTF-8 mapping file for font encoding C65
Now handling font encoding C70 ...
... no UTF-8 mapping file for font encoding C70
Now handling font encoding C31 ...
... no UTF-8 mapping file for font encoding C31
Now handling font encoding C32 ...
... no UTF-8 mapping file for font encoding C32
Now handling font encoding C33 ...
... no UTF-8 mapping file for font encoding C33
Now handling font encoding C34 ...
... no UTF-8 mapping file for font encoding C34
Now handling font encoding C35 ...
... no UTF-8 mapping file for font encoding C35
Now handling font encoding C36 ...
... no UTF-8 mapping file for font encoding C36
Now handling font encoding C37 ...
... no UTF-8 mapping file for font encoding C37
Now handling font encoding C80 ...
... no UTF-8 mapping file for font encoding C80
Now handling font encoding C81 ...
... no UTF-8 mapping file for font encoding C81
Now handling font encoding C01 ...
... no UTF-8 mapping file for font encoding C01
Now handling font encoding C11 ...
... no UTF-8 mapping file for font encoding C11
Now handling font encoding C21 ...
... no UTF-8 mapping file for font encoding C21
Now handling font encoding C41 ...
... no UTF-8 mapping file for font encoding C41
Now handling font encoding C62 ...
... no UTF-8 mapping file for font encoding C62
)
LaTeX Info: Redefining \selectfont on input line 755.
\CJK@indent=\box49
) (/usr/local/texlive/2021/texmf-dist/tex/latex/base/fontenc.sty
Package: fontenc 2020/08/10 v2.0s Standard LaTeX package
)) (/usr/local/texlive/2021/texmf-dist/tex/latex/cjkpunct/CJKpunct.sty
Package: CJKpunct 2016/05/14 4.8.4
\CJKpunct@cnta=\count194
\CJKpunct@cntb=\count195
\CJKpunct@cntc=\count196
\CJKpunct@cntd=\count197
\CJKpunct@cnte=\count198
   defining Unicode char U+2018 (decimal 8216)
   defining Unicode char U+2019 (decimal 8217)
   defining Unicode char U+201C (decimal 8220)
   defining Unicode char U+201D (decimal 8221)
   defining Unicode char U+2014 (decimal 8212)
   defining Unicode char U+2026 (decimal 8230)
 (/usr/local/texlive/2021/texmf-dist/tex/latex/cjkpunct/CJKpunct.spa)) (/usr/local/texlive/2021/texmf-dist/tex/latex/cjk/texinput/CJKspace.sty
Package: CJKspace 2015/04/18 3.8.0
) (/usr/local/texlive/2021/texmf-dist/tex/latex/ctex/ctexspa.def
File: ctexspa.def 2021/03/14 v2.5.6 Space info for CJKpunct (CTEX)
)
\ccwd=\dimen148
\l__ctex_ccglue_skip=\skip49
)
\l__ctex_ziju_dim=\dimen149
 (/usr/local/texlive/2021/texmf-dist/tex/latex/zhnumber/zhnumber.sty
Package: zhnumber 2020/05/01 v2.8 Typesetting numbers with Chinese glyphs
\l__zhnum_scale_int=\count199
\l__zhnum_byte_min_int=\count266
\l__zhnum_byte_max_int=\count267
 (/usr/local/texlive/2021/texmf-dist/tex/latex/zhnumber/zhnumber-utf8.cfg
File: zhnumber-utf8.cfg 2020/05/01 v2.8 Chinese numerals with UTF8 encoding
)) (/usr/local/texlive/2021/texmf-dist/tex/latex/ctex/scheme/ctex-scheme-chinese.def
File: ctex-scheme-chinese.def 2021/03/14 v2.5.6 Chinese scheme for generic (CTEX)
 (/usr/local/texlive/2021/texmf-dist/tex/latex/ctex/config/ctex-name-utf8.cfg
File: ctex-name-utf8.cfg 2021/03/14 v2.5.6 Caption with encoding UTF-8 (CTEX)
)) (/usr/local/texlive/2021/texmf-dist/tex/latex/tools/indentfirst.sty
Package: indentfirst 1995/11/23 v1.03 Indent first paragraph (DPC)
) (/usr/local/texlive/2021/texmf-dist/tex/latex/ctex/fontset/ctex-fontset-mac.def
File: ctex-fontset-mac.def 2021/03/14 v2.5.6 macOS fonts definition (CTEX)
 (/usr/local/texlive/2021/texmf-dist/tex/latex/ctex/fontset/ctex-fontset-macold.def
File: ctex-fontset-macold.def 2021/03/14 v2.5.6 macOS fonts definition for Yosemite or earlier version (CTEX)


/usr/local/texlive/2021/texmf-dist/tex/latex/ctex/fontset/ctex-fontset-macold.def:44: Critical Package ctex Error: CTeX fontset `mac' is unavailable in current
(ctex)                         mode.

Type <return> to continue.
 ...                                              
                                                  
l.44   }
        

LaTeX does not know anything more about this error, sorry.

Try typing <return> to proceed.
If that doesn't work, type X <return> to quit.

Reading the current file 'ctex-fontset-macold' will stop.


))) (/usr/local/texlive/2021/texmf-dist/tex/latex/ctex/config/ctex.cfg
File: ctex.cfg 2021/03/14 v2.5.6 Configuration file (CTEX)
) (/usr/local/texlive/2021/texmf-dist/tex/latex/amsmath/amsmath.sty
Package: amsmath 2020/09/23 v2.17i AMS math features
\@mathmargin=\skip50

For additional information on amsmath, use the `?' option.
(/usr/local/texlive/2021/texmf-dist/tex/latex/amsmath/amstext.sty
Package: amstext 2000/06/29 v2.01 AMS text
 (/usr/local/texlive/2021/texmf-dist/tex/latex/amsmath/amsgen.sty
File: amsgen.sty 1999/11/30 v2.0 generic functions
\@emptytoks=\toks19
\ex@=\dimen150
)) (/usr/local/texlive/2021/texmf-dist/tex/latex/amsmath/amsbsy.sty
Package: amsbsy 1999/11/29 v1.2d Bold Symbols
\pmbraise@=\dimen151
) (/usr/local/texlive/2021/texmf-dist/tex/latex/amsmath/amsopn.sty
Package: amsopn 2016/03/08 v2.02 operator names
)
\inf@bad=\count268
LaTeX Info: Redefining \frac on input line 234.
\uproot@=\count269
\leftroot@=\count270
LaTeX Info: Redefining \overline on input line 399.
\classnum@=\count271
\DOTSCASE@=\count272
LaTeX Info: Redefining \ldots on input line 496.
LaTeX Info: Redefining \dots on input line 499.
LaTeX Info: Redefining \cdots on input line 620.
\Mathstrutbox@=\box50
\strutbox@=\box51
\big@size=\dimen152
LaTeX Font Info:    Redeclaring font encoding OML on input line 743.
LaTeX Font Info:    Redeclaring font encoding OMS on input line 744.
\macc@depth=\count273
\c@MaxMatrixCols=\count274
\dotsspace@=\muskip16
\c@parentequation=\count275
\dspbrk@lvl=\count276
\tag@help=\toks20
\row@=\count277
\column@=\count278
\maxfields@=\count279
\andhelp@=\toks21
\eqnshift@=\dimen153
\alignsep@=\dimen154
\tagshift@=\dimen155
\tagwidth@=\dimen156
\totwidth@=\dimen157
\lineht@=\dimen158
\@envbody=\toks22
\multlinegap=\skip51
\multlinetaggap=\skip52
\mathdisplay@stack=\toks23
LaTeX Info: Redefining \[ on input line 2923.
LaTeX Info: Redefining \] on input line 2924.
) (/usr/local/texlive/2021/texmf-dist/tex/latex/amsfonts/amsfonts.sty
Package: amsfonts 2013/01/14 v3.01 Basic AMSFonts support
\symAMSa=\mathgroup4
\symAMSb=\mathgroup5
LaTeX Font Info:    Redeclaring math symbol \hbar on input line 98.
LaTeX Font Info:    Overwriting math alphabet `\mathfrak' in version `bold'
(Font)                  U/euf/m/n --> U/euf/b/n on input line 106.
) (/usr/local/texlive/2021/texmf-dist/tex/latex/graphics/graphicx.sty
Package: graphicx 2020/09/09 v1.2b Enhanced LaTeX Graphics (DPC,SPQR)
 (/usr/local/texlive/2021/texmf-dist/tex/latex/graphics/graphics.sty
Package: graphics 2020/08/30 v1.4c Standard LaTeX Graphics (DPC,SPQR)
 (/usr/local/texlive/2021/texmf-dist/tex/latex/graphics/trig.sty
Package: trig 2016/01/03 v1.10 sin cos tan (DPC)
) (/usr/local/texlive/2021/texmf-dist/tex/latex/graphics-cfg/graphics.cfg
File: graphics.cfg 2016/06/04 v1.11 sample graphics configuration
)
Package graphics Info: Driver file: pdftex.def on input line 105.
 (/usr/local/texlive/2021/texmf-dist/tex/latex/graphics-def/pdftex.def
File: pdftex.def 2020/10/05 v1.2a Graphics/color driver for pdftex
))
\Gin@req@height=\dimen159
\Gin@req@width=\dimen160
) (/usr/local/texlive/2021/texmf-dist/tex/latex/amsfonts/amssymb.sty
Package: amssymb 2013/01/14 v3.01 AMS font symbols
) (/usr/local/texlive/2021/texmf-dist/tex/latex/tools/bm.sty
Package: bm 2019/07/24 v1.2d Bold Symbol Support (DPC/FMi)
\symboldoperators=\mathgroup6
\symboldletters=\mathgroup7
\symboldsymbols=\mathgroup8
LaTeX Font Info:    Redeclaring math alphabet \mathbf on input line 141.
LaTeX Info: Redefining \bm on input line 209.
) (/usr/local/texlive/2021/texmf-dist/tex/latex/amscls/amsthm.sty
Package: amsthm 2020/05/29 v2.20.6
\thm@style=\toks24
\thm@bodyfont=\toks25
\thm@headfont=\toks26
\thm@notefont=\toks27
\thm@headpunct=\toks28
\thm@preskip=\skip53
\thm@postskip=\skip54
\thm@headsep=\skip55
\dth@everypar=\toks29
) (/usr/local/texlive/2021/texmf-dist/tex/latex/algorithms/algorithm.sty
Package: algorithm 2009/08/24 v0.1 Document Style `algorithm' - floating environment
 (/usr/local/texlive/2021/texmf-dist/tex/latex/float/float.sty
Package: float 2001/11/08 v1.3d Float enhancements (AL)
\c@float@type=\count280
\float@exts=\toks30
\float@box=\box52
\@float@everytoks=\toks31
\@floatcapt=\box53
) (/usr/local/texlive/2021/texmf-dist/tex/latex/base/ifthen.sty
Package: ifthen 2014/09/29 v1.1c Standard LaTeX ifthen package (DPC)
)
\@float@every@algorithm=\toks32
\c@algorithm=\count281
) (/usr/local/texlive/2021/texmf-dist/tex/latex/algorithmicx/algorithmicx.sty
Package: algorithmicx 2005/04/27 v1.2 Algorithmicx

Document Style algorithmicx 1.2 - a greatly improved `algorithmic' style
\c@ALG@line=\count282
\c@ALG@rem=\count283
\c@ALG@nested=\count284
\ALG@tlm=\skip56
\ALG@thistlm=\skip57
\c@ALG@Lnr=\count285
\c@ALG@blocknr=\count286
\c@ALG@storecount=\count287
\c@ALG@tmpcounter=\count288
\ALG@tmplength=\skip58
) (/usr/local/texlive/2021/texmf-dist/tex/latex/algorithmicx/algpseudocode.sty
Package: algpseudocode 

Document Style - pseudocode environments for use with the `algorithmicx' style
) (/usr/local/texlive/2021/texmf-dist/tex/latex/fancyhdr/fancyhdr.sty
Package: fancyhdr 2021/01/28 v4.0.1 Extensive control of page headers and footers
\f@nch@headwidth=\skip59
\f@nch@O@elh=\skip60
\f@nch@O@erh=\skip61
\f@nch@O@olh=\skip62
\f@nch@O@orh=\skip63
\f@nch@O@elf=\skip64
\f@nch@O@erf=\skip65
\f@nch@O@olf=\skip66
\f@nch@O@orf=\skip67
) (/usr/local/texlive/2021/texmf-dist/tex/latex/listings/listings.sty
\lst@mode=\count289
\lst@gtempboxa=\box54
\lst@token=\toks33
\lst@length=\count290
\lst@currlwidth=\dimen161
\lst@column=\count291
\lst@pos=\count292
\lst@lostspace=\dimen162
\lst@width=\dimen163
\lst@newlines=\count293
\lst@lineno=\count294
\lst@maxwidth=\dimen164
 (/usr/local/texlive/2021/texmf-dist/tex/latex/listings/lstmisc.sty
File: lstmisc.sty 2020/03/24 1.8d (Carsten Heinz)
\c@lstnumber=\count295
\lst@skipnumbers=\count296
\lst@framebox=\box55
) (/usr/local/texlive/2021/texmf-dist/tex/latex/listings/listings.cfg
File: listings.cfg 2020/03/24 1.8d listings configuration
))
Package: listings 2020/03/24 1.8d (Carsten Heinz)
 (/usr/local/texlive/2021/texmf-dist/tex/latex/xcolor/xcolor.sty
Package: xcolor 2016/05/11 v2.12 LaTeX color extensions (UK)
 (/usr/local/texlive/2021/texmf-dist/tex/latex/graphics-cfg/color.cfg
File: color.cfg 2016/01/02 v1.6 sample color configuration
)
Package xcolor Info: Driver file: pdftex.def on input line 225.
Package xcolor Info: Model `cmy' substituted by `cmy0' on input line 1348.
Package xcolor Info: Model `hsb' substituted by `rgb' on input line 1352.
Package xcolor Info: Model `RGB' extended on input line 1364.
Package xcolor Info: Model `HTML' substituted by `rgb' on input line 1366.
Package xcolor Info: Model `Hsb' substituted by `hsb' on input line 1367.
Package xcolor Info: Model `tHsb' substituted by `hsb' on input line 1368.
Package xcolor Info: Model `HSB' substituted by `hsb' on input line 1369.
Package xcolor Info: Model `Gray' substituted by `gray' on input line 1370.
Package xcolor Info: Model `wave' substituted by `hsb' on input line 1371.
) (/usr/local/texlive/2021/texmf-dist/tex/latex/listings/lstlang1.sty
File: lstlang1.sty 2020/03/24 1.8d listings language file
) (/usr/local/texlive/2021/texmf-dist/tex/latex/cjk/texinput/UTF8/UTF8.bdg
File: UTF8.bdg 2015/04/18 4.8.4
) (/usr/local/texlive/2021/texmf-dist/tex/latex/cjk/texinput/UTF8/UTF8.enc
File: UTF8.enc 2015/04/18 4.8.4
) (/usr/local/texlive/2021/texmf-dist/tex/latex/cjk/texinput/UTF8/UTF8.chr
File: UTF8.chr 2015/04/18 4.8.4
) (/Users/yaoxianglin/Desktop/è‡ªç„¶è¯­è¨€å¤„ç†/NLP_project_2025fall/HW1/main.aux)
\openout1 = `main.aux'.

LaTeX Font Info:    Checking defaults for OML/cmm/m/it on input line 30.
LaTeX Font Info:    ... okay on input line 30.
LaTeX Font Info:    Checking defaults for OMS/cmsy/m/n on input line 30.
LaTeX Font Info:    ... okay on input line 30.
LaTeX Font Info:    Checking defaults for OT1/cmr/m/n on input line 30.
LaTeX Font Info:    ... okay on input line 30.
LaTeX Font Info:    Checking defaults for T1/cmr/m/n on input line 30.
LaTeX Font Info:    ... okay on input line 30.
LaTeX Font Info:    Checking defaults for TS1/cmr/m/n on input line 30.
LaTeX Font Info:    ... okay on input line 30.
LaTeX Font Info:    Checking defaults for OMX/cmex/m/n on input line 30.
LaTeX Font Info:    ... okay on input line 30.
LaTeX Font Info:    Checking defaults for U/cmr/m/n on input line 30.
LaTeX Font Info:    ... okay on input line 30.
LaTeX Font Info:    Checking defaults for C00/song/m/n on input line 30.
LaTeX Font Info:    ... okay on input line 30.
LaTeX Font Info:    Checking defaults for C05/song/m/n on input line 30.
LaTeX Font Info:    ... okay on input line 30.
LaTeX Font Info:    Checking defaults for C09/song/m/n on input line 30.
LaTeX Font Info:    ... okay on input line 30.
LaTeX Font Info:    Checking defaults for C10/song/m/n on input line 30.
LaTeX Font Info:    ... okay on input line 30.
LaTeX Font Info:    Checking defaults for C20/song/m/n on input line 30.
LaTeX Font Info:    ... okay on input line 30.
LaTeX Font Info:    Checking defaults for C19/song/m/n on input line 30.
LaTeX Font Info:    ... okay on input line 30.
LaTeX Font Info:    Checking defaults for C40/song/m/n on input line 30.
LaTeX Font Info:    ... okay on input line 30.
LaTeX Font Info:    Checking defaults for C42/song/m/n on input line 30.
LaTeX Font Info:    ... okay on input line 30.
LaTeX Font Info:    Checking defaults for C43/song/m/n on input line 30.
LaTeX Font Info:    ... okay on input line 30.
LaTeX Font Info:    Checking defaults for C50/song/m/n on input line 30.
LaTeX Font Info:    ... okay on input line 30.
LaTeX Font Info:    Checking defaults for C52/song/m/n on input line 30.
LaTeX Font Info:    ... okay on input line 30.
LaTeX Font Info:    Checking defaults for C49/song/m/n on input line 30.
LaTeX Font Info:    ... okay on input line 30.
LaTeX Font Info:    Checking defaults for C60/mj/m/n on input line 30.
LaTeX Font Info:    ... okay on input line 30.
LaTeX Font Info:    Checking defaults for C61/mj/m/n on input line 30.
LaTeX Font Info:    ... okay on input line 30.
LaTeX Font Info:    Checking defaults for C63/mj/m/n on input line 30.
LaTeX Font Info:    ... okay on input line 30.
LaTeX Font Info:    Checking defaults for C64/mj/m/n on input line 30.
LaTeX Font Info:    ... okay on input line 30.
LaTeX Font Info:    Checking defaults for C65/mj/m/n on input line 30.
LaTeX Font Info:    ... okay on input line 30.
LaTeX Font Info:    Checking defaults for C70/song/m/n on input line 30.
LaTeX Font Info:    ... okay on input line 30.
LaTeX Font Info:    Checking defaults for C31/song/m/n on input line 30.
LaTeX Font Info:    ... okay on input line 30.
LaTeX Font Info:    Checking defaults for C32/song/m/n on input line 30.
LaTeX Font Info:    ... okay on input line 30.
LaTeX Font Info:    Checking defaults for C33/song/m/n on input line 30.
LaTeX Font Info:    ... okay on input line 30.
LaTeX Font Info:    Checking defaults for C34/song/m/n on input line 30.
LaTeX Font Info:    ... okay on input line 30.
LaTeX Font Info:    Checking defaults for C35/song/m/n on input line 30.
LaTeX Font Info:    ... okay on input line 30.
LaTeX Font Info:    Checking defaults for C36/song/m/n on input line 30.
LaTeX Font Info:    ... okay on input line 30.
LaTeX Font Info:    Checking defaults for C37/song/m/n on input line 30.
LaTeX Font Info:    ... okay on input line 30.
LaTeX Font Info:    Checking defaults for C80/song/m/n on input line 30.
LaTeX Font Info:    ... okay on input line 30.
LaTeX Font Info:    Checking defaults for C81/song/m/n on input line 30.
LaTeX Font Info:    ... okay on input line 30.
LaTeX Font Info:    Checking defaults for C01/song/m/n on input line 30.
LaTeX Font Info:    ... okay on input line 30.
LaTeX Font Info:    Checking defaults for C11/song/m/n on input line 30.
LaTeX Font Info:    ... okay on input line 30.
LaTeX Font Info:    Checking defaults for C21/song/m/n on input line 30.
LaTeX Font Info:    ... okay on input line 30.
LaTeX Font Info:    Checking defaults for C41/song/m/n on input line 30.
LaTeX Font Info:    ... okay on input line 30.
LaTeX Font Info:    Checking defaults for C62/song/m/n on input line 30.
LaTeX Font Info:    ... okay on input line 30.

*geometry* driver: auto-detecting
*geometry* detected driver: pdftex
*geometry* verbose mode - [ preamble ] result:
* driver: pdftex
* paper: a4paper
* layout: <same size as paper>
* layoutoffset:(h,v)=(0.0pt,0.0pt)
* modes: 
* h-part:(L,W,R)=(56.9055pt, 483.69687pt, 56.9055pt)
* v-part:(T,H,B)=(85.35826pt, 688.5567pt, 71.13188pt)
* \paperwidth=597.50787pt
* \paperheight=845.04684pt
* \textwidth=483.69687pt
* \textheight=688.5567pt
* \oddsidemargin=-15.36449pt
* \evensidemargin=-15.36449pt
* \topmargin=-23.91173pt
* \headheight=12.0pt
* \headsep=25.0pt
* \topskip=11.0pt
* \footskip=30.0pt
* \marginparwidth=59.0pt
* \marginparsep=10.0pt
* \columnsep=10.0pt
* \skip\footins=10.0pt plus 4.0pt minus 2.0pt
* \hoffset=0.0pt
* \voffset=0.0pt
* \mag=1000
* \@twocolumnfalse
* \@twosidefalse
* \@mparswitchfalse
* \@reversemarginfalse
* (1in=72.27pt=25.4mm, 1cm=28.453pt)

ABD: EverySelectfont initializing macros
LaTeX Info: Redefining \selectfont on input line 30.
 (/usr/local/texlive/2021/texmf-dist/tex/context/base/mkii/supp-pdf.mkii
[Loading MPS to PDF converter (version 2006.09.02).]
\scratchcounter=\count297
\scratchdimen=\dimen165
\scratchbox=\box56
\nofMPsegments=\count298
\nofMParguments=\count299
\everyMPshowfont=\toks34
\MPscratchCnt=\count300
\MPscratchDim=\dimen166
\MPnumerator=\count301
\makeMPintoPDFobject=\count302
\everyMPtoPDFconversion=\toks35
) (/usr/local/texlive/2021/texmf-dist/tex/latex/epstopdf-pkg/epstopdf-base.sty
Package: epstopdf-base 2020-01-24 v2.11 Base part for package epstopdf
Package epstopdf-base Info: Redefining graphics rule for `.eps' on input line 485.
 (/usr/local/texlive/2021/texmf-dist/tex/latex/latexconfig/epstopdf-sys.cfg
File: epstopdf-sys.cfg 2010/07/13 v1.3 Configuration of (r)epstopdf for TeX Live
))
\c@lstlisting=\count303
LaTeX Font Info:    Trying to load font information for C70+rm on input line 37.
 (/usr/local/texlive/2021/texmf-dist/tex/latex/ctex/fd/c70rm.fd
File: c70rm.fd 2021/03/14 v2.5.6 Chinese font definition (CTEX)
)
/Users/yaoxianglin/Desktop/è‡ªç„¶è¯­è¨€å¤„ç†/NLP_project_2025fall/HW1/main.tex:40: Undefined control sequence.
l.40 		\large\kaishu
                    {å°§ç¥¥ä¸´ 202518023406038 å‰æ²¿äº¤å‰ç§‘å­¦å­¦é™¢}
The control sequence at the end of the top line
of your error message was never \def'ed. If you have
misspelled it (e.g., `\hobx'), type `I' and the correct
spelling (e.g., `I\hbox'). Otherwise just continue,
and I'll forget about whatever was undefined.

Package CJKpunct Info: punctuation spaces for family 'rm' do not exist. Use family 'def' instead. on input line 44.

Overfull \hbox (5.02618pt too wide) in paragraph at lines 55--56
[]\C70/rm/m/n/10.95/8b í \C70/rm/m/n/10.95/65 ™ \C70/rm/m/n/10.95/83 · \C70/rm/m/n/10.95/53 Ö \C70/rm/m/n/10.95/4e 
|\C70/rm/m/n/10.95/ff ^^L| \C70/rm/m/n/10.95/67 , \C70/rm/m/n/10.95/62 ¥ \C70/rm/m/n/10.95/54 J \C70/rm/m/n/10.95/4e : † \C70/rm/m/n/10.95/7e ß \C70/rm/m/n/10.95/4e ^^@ \C70/rm/m/n/10.95/57 ( \C70/rm/m/n/10.95/54 ^^L \C70/rm/m/n/10.95/4e ^^@ \C70/rm/m/n/10.95/8b í \C70/rm/m/n/10.95/8a ^^@ \C70/rm/m/n/10.95/73 ¯ \C70/rm/m/n/10.95/58 ƒ \C70/rm/m/n/10.95/83 · \C70/rm/m/n/10.95/53 Ö \C70/rm/m/n/10.95/4e - \C70/rm/m/n/10.95/82 ñ \C70/rm/m/n/10.95/65 ‡ \C70/rm/m/n/10.95/8b í \C70/rm/m/n/10.95/65 ™|\C70/rm/m/n/10.95/ff ^^L| \C70/rm/m/n/10.95/4e Î \C70/rm/m/n/10.95/80 ^^L \C70/rm/m/n/10.95/90 	 \C70/rm/m/n/10.95/62 é \C70/rm/m/n/10.95/4e † \C70/rm/m/n/10.95/7e ô \C70/rm/m/n/10.95/57 ú \C70/rm/m/n/10.95/76 ~ \C70/rm/m/n/10.95/79 Ñ |\C70/rm/m/n/10.95/ff ^^H|\OT1/cmr/m/n/10.95 Wikipedia|\C70/rm/m/n/10.95/ff 	|
 []


Overfull \hbox (2.63535pt too wide) in paragraph at lines 59--60
\C70/rm/m/n/10.95/54 ^^L \C70/rm/m/n/10.95/65 ö \C70/rm/m/n/10.95/57 ( \C70/rm/m/n/10.95/67 ^^@ \C70/rm/m/n/10.95/54 ^^N \C70/rm/m/n/10.95/6d û \C70/rm/m/n/10.95/52  \OT1/cmr/m/n/10.95 variant=zh-cn\C70/rm/m/n/10.95/78 n \C70/rm/m/n/10.95/4f İ \C70/rm/m/n/10.95/8b Í \C70/rm/m/n/10.95/67 a \C70/rm/m/n/10.95/65 ‡ \C70/rm/m/n/10.95/5b W \C70/rm/m/n/10.95/66 / \C70/rm/m/n/10.95/59 ' \C70/rm/m/n/10.95/96 F \C70/rm/m/n/10.95/7b € \C70/rm/m/n/10.95/4f S|\C70/rm/m/n/10.95/ff ^^[| \C70/rm/m/n/10.95/5b ù \C70/rm/m/n/10.95/4e  \C70/rm/m/n/10.95/82 ñ \C70/rm/m/n/10.95/65 ‡ \C70/rm/m/n/10.95/8b Í \C70/rm/m/n/10.95/67 a|\C70/rm/m/n/10.95/ff ^^L| \C70/rm/m/n/10.95/53 ê \C70/rm/m/n/10.95/97 ^^@ \C70/rm/m/n/10.95/89  \C70/rm/m/n/10.95/8b ¾ \C70/rm/m/n/10.95/7f n \C70/rm/m/n/10.95/4e :\OT1/cmr/m/n/10.95 en.wikipedia\C70/rm/m/n/10.95/53 s
 []

LaTeX Font Info:    Font shape `OT1/cmtt/bx/n' in size <10> not available
(Font)              Font shape `OT1/cmtt/m/n' tried instead on input line 62.
/Users/yaoxianglin/Desktop/è‡ªç„¶è¯­è¨€å¤„ç†/NLP_project_2025fall/HW1/main.tex:63: Improper alphabetic constant.
<to be read again> 
                   \lst@FillFixed@ 
l.63 ...pecial:Random?variant=zh-cn"    #åŠ ä¸Šzh-
                                                  cnç¡®ä¿çˆ¬ä¸‹æ¥çš„æ˜¯å¤§...
A one-character control sequence belongs after a ` mark.
So I'm essentially inserting \0 here.

/Users/yaoxianglin/Desktop/è‡ªç„¶è¯­è¨€å¤„ç†/NLP_project_2025fall/HW1/main.tex:63: Missing = inserted for \ifnum.
<to be read again> 
                   \lst@hss 
l.63 ...pecial:Random?variant=zh-cn"    #åŠ ä¸Šzh-
                                                  cnç¡®ä¿çˆ¬ä¸‹æ¥çš„æ˜¯å¤§...
I was expecting to see `<', `=', or `>'. Didn't.

/Users/yaoxianglin/Desktop/è‡ªç„¶è¯­è¨€å¤„ç†/NLP_project_2025fall/HW1/main.tex:63: Missing number, treated as zero.
<to be read again> 
                   \lst@hss 
l.63 ...pecial:Random?variant=zh-cn"    #åŠ ä¸Šzh-
                                                  cnç¡®ä¿çˆ¬ä¸‹æ¥çš„æ˜¯å¤§...
A number should have been here; I inserted `0'.
(If you can't figure out why I needed to see a number,
look up `weird error' in the index to The TeXbook.)

/Users/yaoxianglin/Desktop/è‡ªç„¶è¯­è¨€å¤„ç†/NLP_project_2025fall/HW1/main.tex:63: Improper alphabetic constant.
<to be read again> 
                   \lst@FillFixed@ 
l.63 ...pecial:Random?variant=zh-cn"    #åŠ ä¸Šzh-
                                                  cnç¡®ä¿çˆ¬ä¸‹æ¥çš„æ˜¯å¤§...
A one-character control sequence belongs after a ` mark.
So I'm essentially inserting \0 here.

/Users/yaoxianglin/Desktop/è‡ªç„¶è¯­è¨€å¤„ç†/NLP_project_2025fall/HW1/main.tex:63: Missing = inserted for \ifnum.
<to be read again> 
                   \lst@hss 
l.63 ...pecial:Random?variant=zh-cn"    #åŠ ä¸Šzh-
                                                  cnç¡®ä¿çˆ¬ä¸‹æ¥çš„æ˜¯å¤§...
I was expecting to see `<', `=', or `>'. Didn't.

/Users/yaoxianglin/Desktop/è‡ªç„¶è¯­è¨€å¤„ç†/NLP_project_2025fall/HW1/main.tex:63: Missing number, treated as zero.
<to be read again> 
                   \lst@hss 
l.63 ...pecial:Random?variant=zh-cn"    #åŠ ä¸Šzh-
                                                  cnç¡®ä¿çˆ¬ä¸‹æ¥çš„æ˜¯å¤§...
A number should have been here; I inserted `0'.
(If you can't figure out why I needed to see a number,
look up `weird error' in the index to The TeXbook.)

/Users/yaoxianglin/Desktop/è‡ªç„¶è¯­è¨€å¤„ç†/NLP_project_2025fall/HW1/main.tex:63: Improper alphabetic constant.
<to be read again> 
                   \lst@ECŠ 
l.63 ...pecial:Random?variant=zh-cn"    #åŠ ä¸Šzh-
                                                  cnç¡®ä¿çˆ¬ä¸‹æ¥çš„æ˜¯å¤§...
A one-character control sequence belongs after a ` mark.
So I'm essentially inserting \0 here.

/Users/yaoxianglin/Desktop/è‡ªç„¶è¯­è¨€å¤„ç†/NLP_project_2025fall/HW1/main.tex:63: Missing = inserted for \ifnum.
<to be read again> 
                   Š
l.63 ...pecial:Random?variant=zh-cn"    #åŠ ä¸Šzh-
                                                  cnç¡®ä¿çˆ¬ä¸‹æ¥çš„æ˜¯å¤§...
I was expecting to see `<', `=', or `>'. Didn't.

/Users/yaoxianglin/Desktop/è‡ªç„¶è¯­è¨€å¤„ç†/NLP_project_2025fall/HW1/main.tex:63: Missing number, treated as zero.
<to be read again> 
                   Š
l.63 ...pecial:Random?variant=zh-cn"    #åŠ ä¸Šzh-
                                                  cnç¡®ä¿çˆ¬ä¸‹æ¥çš„æ˜¯å¤§...
A number should have been here; I inserted `0'.
(If you can't figure out why I needed to see a number,
look up `weird error' in the index to The TeXbook.)

/Users/yaoxianglin/Desktop/è‡ªç„¶è¯­è¨€å¤„ç†/NLP_project_2025fall/HW1/main.tex:63: Improper alphabetic constant.
<to be read again> 
                   \lst@ECŠ 
l.63 ...pecial:Random?variant=zh-cn"    #åŠ ä¸Šzh-
                                                  cnç¡®ä¿çˆ¬ä¸‹æ¥çš„æ˜¯å¤§...
A one-character control sequence belongs after a ` mark.
So I'm essentially inserting \0 here.

/Users/yaoxianglin/Desktop/è‡ªç„¶è¯­è¨€å¤„ç†/NLP_project_2025fall/HW1/main.tex:63: Missing = inserted for \ifnum.
<to be read again> 
                   Š
l.63 ...pecial:Random?variant=zh-cn"    #åŠ ä¸Šzh-
                                                  cnç¡®ä¿çˆ¬ä¸‹æ¥çš„æ˜¯å¤§...
I was expecting to see `<', `=', or `>'. Didn't.

/Users/yaoxianglin/Desktop/è‡ªç„¶è¯­è¨€å¤„ç†/NLP_project_2025fall/HW1/main.tex:63: Missing number, treated as zero.
<to be read again> 
                   Š
l.63 ...pecial:Random?variant=zh-cn"    #åŠ ä¸Šzh-
                                                  cnç¡®ä¿çˆ¬ä¸‹æ¥çš„æ˜¯å¤§...
A number should have been here; I inserted `0'.
(If you can't figure out why I needed to see a number,
look up `weird error' in the index to The TeXbook.)

/Users/yaoxianglin/Desktop/è‡ªç„¶è¯­è¨€å¤„ç†/NLP_project_2025fall/HW1/main.tex:63: Improper alphabetic constant.
<to be read again> 
                   \lst@FillFixed@ 
l.63 ...pecial:Random?variant=zh-cn"    #åŠ ä¸Šzh-
                                                  cnç¡®ä¿çˆ¬ä¸‹æ¥çš„æ˜¯å¤§...
A one-character control sequence belongs after a ` mark.
So I'm essentially inserting \0 here.

/Users/yaoxianglin/Desktop/è‡ªç„¶è¯­è¨€å¤„ç†/NLP_project_2025fall/HW1/main.tex:63: You can't use `\hss' after \divide.
\lst@FillFixed@ #1->\ifx \@empty #1\else \lst@hss 
                                                  #1\expandafter \lst@FillFi...
l.63 ...pecial:Random?variant=zh-cn"    #åŠ ä¸Šzh-
                                                  cnç¡®ä¿çˆ¬ä¸‹æ¥çš„æ˜¯å¤§...
I'm forgetting what you said and not changing anything.

/Users/yaoxianglin/Desktop/è‡ªç„¶è¯­è¨€å¤„ç†/NLP_project_2025fall/HW1/main.tex:63: Missing number, treated as zero.
<to be read again> 
                   \lst@hss 
l.63 ...pecial:Random?variant=zh-cn"    #åŠ ä¸Šzh-
                                                  cnç¡®ä¿çˆ¬ä¸‹æ¥çš„æ˜¯å¤§...
A number should have been here; I inserted `0'.
(If you can't figure out why I needed to see a number,
look up `weird error' in the index to The TeXbook.)

/Users/yaoxianglin/Desktop/è‡ªç„¶è¯­è¨€å¤„ç†/NLP_project_2025fall/HW1/main.tex:63: You can't use `\hss' after \advance.
\lst@FillFixed@ #1->\ifx \@empty #1\else \lst@hss 
                                                  #1\expandafter \lst@FillFi...
l.63 ...pecial:Random?variant=zh-cn"    #åŠ ä¸Šzh-
                                                  cnç¡®ä¿çˆ¬ä¸‹æ¥çš„æ˜¯å¤§...
I'm forgetting what you said and not changing anything.

/Users/yaoxianglin/Desktop/è‡ªç„¶è¯­è¨€å¤„ç†/NLP_project_2025fall/HW1/main.tex:63: Missing number, treated as zero.
<to be read again> 
                   \lst@hss 
l.63 ...pecial:Random?variant=zh-cn"    #åŠ ä¸Šzh-
                                                  cnç¡®ä¿çˆ¬ä¸‹æ¥çš„æ˜¯å¤§...
A number should have been here; I inserted `0'.
(If you can't figure out why I needed to see a number,
look up `weird error' in the index to The TeXbook.)

/Users/yaoxianglin/Desktop/è‡ªç„¶è¯­è¨€å¤„ç†/NLP_project_2025fall/HW1/main.tex:63: Missing number, treated as zero.
<to be read again> 
                   \lst@hss 
l.63 ...pecial:Random?variant=zh-cn"    #åŠ ä¸Šzh-
                                                  cnç¡®ä¿çˆ¬ä¸‹æ¥çš„æ˜¯å¤§...
A number should have been here; I inserted `0'.
(If you can't figure out why I needed to see a number,
look up `weird error' in the index to The TeXbook.)

/Users/yaoxianglin/Desktop/è‡ªç„¶è¯­è¨€å¤„ç†/NLP_project_2025fall/HW1/main.tex:63: Missing number, treated as zero.
<to be read again> 
                   \lst@hss 
l.63 ...pecial:Random?variant=zh-cn"    #åŠ ä¸Šzh-
                                                  cnç¡®ä¿çˆ¬ä¸‹æ¥çš„æ˜¯å¤§...
A number should have been here; I inserted `0'.
(If you can't figure out why I needed to see a number,
look up `weird error' in the index to The TeXbook.)

/Users/yaoxianglin/Desktop/è‡ªç„¶è¯­è¨€å¤„ç†/NLP_project_2025fall/HW1/main.tex:63: Missing number, treated as zero.
<to be read again> 
                   \lst@hss 
l.63 ...pecial:Random?variant=zh-cn"    #åŠ ä¸Šzh-
                                                  cnç¡®ä¿çˆ¬ä¸‹æ¥çš„æ˜¯å¤§...
A number should have been here; I inserted `0'.
(If you can't figure out why I needed to see a number,
look up `weird error' in the index to The TeXbook.)

/Users/yaoxianglin/Desktop/è‡ªç„¶è¯­è¨€å¤„ç†/NLP_project_2025fall/HW1/main.tex:63: Missing number, treated as zero.
<to be read again> 
                   \lst@hss 
l.63 ...pecial:Random?variant=zh-cn"    #åŠ ä¸Šzh-
                                                  cnç¡®ä¿çˆ¬ä¸‹æ¥çš„æ˜¯å¤§...
A number should have been here; I inserted `0'.
(If you can't figure out why I needed to see a number,
look up `weird error' in the index to The TeXbook.)

/Users/yaoxianglin/Desktop/è‡ªç„¶è¯­è¨€å¤„ç†/NLP_project_2025fall/HW1/main.tex:63: Missing number, treated as zero.
<to be read again> 
                   \lst@hss 
l.63 ...pecial:Random?variant=zh-cn"    #åŠ ä¸Šzh-
                                                  cnç¡®ä¿çˆ¬ä¸‹æ¥çš„æ˜¯å¤§...
A number should have been here; I inserted `0'.
(If you can't figure out why I needed to see a number,
look up `weird error' in the index to The TeXbook.)

/Users/yaoxianglin/Desktop/è‡ªç„¶è¯­è¨€å¤„ç†/NLP_project_2025fall/HW1/main.tex:63: Missing number, treated as zero.
<to be read again> 
                   \lst@hss 
l.63 ...pecial:Random?variant=zh-cn"    #åŠ ä¸Šzh-
                                                  cnç¡®ä¿çˆ¬ä¸‹æ¥çš„æ˜¯å¤§...
A number should have been here; I inserted `0'.
(If you can't figure out why I needed to see a number,
look up `weird error' in the index to The TeXbook.)

/Users/yaoxianglin/Desktop/è‡ªç„¶è¯­è¨€å¤„ç†/NLP_project_2025fall/HW1/main.tex:63: Missing number, treated as zero.
<to be read again> 
                   \lst@hss 
l.63 ...pecial:Random?variant=zh-cn"    #åŠ ä¸Šzh-
                                                  cnç¡®ä¿çˆ¬ä¸‹æ¥çš„æ˜¯å¤§...
A number should have been here; I inserted `0'.
(If you can't figure out why I needed to see a number,
look up `weird error' in the index to The TeXbook.)

/Users/yaoxianglin/Desktop/è‡ªç„¶è¯­è¨€å¤„ç†/NLP_project_2025fall/HW1/main.tex:63: Illegal unit of measure (pt inserted).
<to be read again> 
                   \lst@hss 
l.63 ...pecial:Random?variant=zh-cn"    #åŠ ä¸Šzh-
                                                  cnç¡®ä¿çˆ¬ä¸‹æ¥çš„æ˜¯å¤§...
Dimensions can be in units of em, ex, in, pt, pc,
cm, mm, dd, cc, nd, nc, bp, or sp; but yours is a new one!
I'll assume that you meant to say pt, for printer's points.
To recover gracefully from this error, it's best to
delete the erroneous units; e.g., type `2' to delete
two letters. (See Chapter 27 of The TeXbook.)

/Users/yaoxianglin/Desktop/è‡ªç„¶è¯­è¨€å¤„ç†/NLP_project_2025fall/HW1/main.tex:63: You can't use `\hss' after \divide.
\lst@FillFixed@ #1->\ifx \@empty #1\else \lst@hss 
                                                  #1\expandafter \lst@FillFi...
l.63 ...pecial:Random?variant=zh-cn"    #åŠ ä¸Šzh-
                                                  cnç¡®ä¿çˆ¬ä¸‹æ¥çš„æ˜¯å¤§...
I'm forgetting what you said and not changing anything.

/Users/yaoxianglin/Desktop/è‡ªç„¶è¯­è¨€å¤„ç†/NLP_project_2025fall/HW1/main.tex:63: Missing number, treated as zero.
<to be read again> 
                   \lst@hss 
l.63 ...pecial:Random?variant=zh-cn"    #åŠ ä¸Šzh-
                                                  cnç¡®ä¿çˆ¬ä¸‹æ¥çš„æ˜¯å¤§...
A number should have been here; I inserted `0'.
(If you can't figure out why I needed to see a number,
look up `weird error' in the index to The TeXbook.)

/Users/yaoxianglin/Desktop/è‡ªç„¶è¯­è¨€å¤„ç†/NLP_project_2025fall/HW1/main.tex:63: Missing number, treated as zero.
<to be read again> 
                   \lst@hss 
l.63 ...pecial:Random?variant=zh-cn"    #åŠ ä¸Šzh-
                                                  cnç¡®ä¿çˆ¬ä¸‹æ¥çš„æ˜¯å¤§...
A number should have been here; I inserted `0'.
(If you can't figure out why I needed to see a number,
look up `weird error' in the index to The TeXbook.)

/Users/yaoxianglin/Desktop/è‡ªç„¶è¯­è¨€å¤„ç†/NLP_project_2025fall/HW1/main.tex:63: Missing number, treated as zero.
<to be read again> 
                   \lst@hss 
l.63 ...pecial:Random?variant=zh-cn"    #åŠ ä¸Šzh-
                                                  cnç¡®ä¿çˆ¬ä¸‹æ¥çš„æ˜¯å¤§...
A number should have been here; I inserted `0'.
(If you can't figure out why I needed to see a number,
look up `weird error' in the index to The TeXbook.)

/Users/yaoxianglin/Desktop/è‡ªç„¶è¯­è¨€å¤„ç†/NLP_project_2025fall/HW1/main.tex:63: Illegal unit of measure (pt inserted).
<to be read again> 
                   \lst@hss 
l.63 ...pecial:Random?variant=zh-cn"    #åŠ ä¸Šzh-
                                                  cnç¡®ä¿çˆ¬ä¸‹æ¥çš„æ˜¯å¤§...
Dimensions can be in units of em, ex, in, pt, pc,
cm, mm, dd, cc, nd, nc, bp, or sp; but yours is a new one!
I'll assume that you meant to say pt, for printer's points.
To recover gracefully from this error, it's best to
delete the erroneous units; e.g., type `2' to delete
two letters. (See Chapter 27 of The TeXbook.)

/Users/yaoxianglin/Desktop/è‡ªç„¶è¯­è¨€å¤„ç†/NLP_project_2025fall/HW1/main.tex:63: Missing number, treated as zero.
<to be read again> 
                   \lst@hss 
l.63 ...pecial:Random?variant=zh-cn"    #åŠ ä¸Šzh-
                                                  cnç¡®ä¿çˆ¬ä¸‹æ¥çš„æ˜¯å¤§...
A number should have been here; I inserted `0'.
(If you can't figure out why I needed to see a number,
look up `weird error' in the index to The TeXbook.)

/Users/yaoxianglin/Desktop/è‡ªç„¶è¯­è¨€å¤„ç†/NLP_project_2025fall/HW1/main.tex:63: Missing number, treated as zero.
<to be read again> 
                   \lst@hss 
l.63 ...pecial:Random?variant=zh-cn"    #åŠ ä¸Šzh-
                                                  cnç¡®ä¿çˆ¬ä¸‹æ¥çš„æ˜¯å¤§...
A number should have been here; I inserted `0'.
(If you can't figure out why I needed to see a number,
look up `weird error' in the index to The TeXbook.)

/Users/yaoxianglin/Desktop/è‡ªç„¶è¯­è¨€å¤„ç†/NLP_project_2025fall/HW1/main.tex:63: Missing number, treated as zero.
<to be read again> 
                   \lst@hss 
l.63 ...pecial:Random?variant=zh-cn"    #åŠ ä¸Šzh-
                                                  cnç¡®ä¿çˆ¬ä¸‹æ¥çš„æ˜¯å¤§...
A number should have been here; I inserted `0'.
(If you can't figure out why I needed to see a number,
look up `weird error' in the index to The TeXbook.)

/Users/yaoxianglin/Desktop/è‡ªç„¶è¯­è¨€å¤„ç†/NLP_project_2025fall/HW1/main.tex:63: Missing number, treated as zero.
<to be read again> 
                   \lst@hss 
l.63 ...pecial:Random?variant=zh-cn"    #åŠ ä¸Šzh-
                                                  cnç¡®ä¿çˆ¬ä¸‹æ¥çš„æ˜¯å¤§...
A number should have been here; I inserted `0'.
(If you can't figure out why I needed to see a number,
look up `weird error' in the index to The TeXbook.)

/Users/yaoxianglin/Desktop/è‡ªç„¶è¯­è¨€å¤„ç†/NLP_project_2025fall/HW1/main.tex:63: Illegal unit of measure (pt inserted).
<to be read again> 
                   \lst@hss 
l.63 ...pecial:Random?variant=zh-cn"    #åŠ ä¸Šzh-
                                                  cnç¡®ä¿çˆ¬ä¸‹æ¥çš„æ˜¯å¤§...
Dimensions can be in units of em, ex, in, pt, pc,
cm, mm, dd, cc, nd, nc, bp, or sp; but yours is a new one!
I'll assume that you meant to say pt, for printer's points.
To recover gracefully from this error, it's best to
delete the erroneous units; e.g., type `2' to delete
two letters. (See Chapter 27 of The TeXbook.)

/Users/yaoxianglin/Desktop/è‡ªç„¶è¯­è¨€å¤„ç†/NLP_project_2025fall/HW1/main.tex:63: You can't use `\hss' after \multiply.
\lst@FillFixed@ #1->\ifx \@empty #1\else \lst@hss 
                                                  #1\expandafter \lst@FillFi...
l.63 ...pecial:Random?variant=zh-cn"    #åŠ ä¸Šzh-
                                                  cnç¡®ä¿çˆ¬ä¸‹æ¥çš„æ˜¯å¤§...
I'm forgetting what you said and not changing anything.

/Users/yaoxianglin/Desktop/è‡ªç„¶è¯­è¨€å¤„ç†/NLP_project_2025fall/HW1/main.tex:63: Missing number, treated as zero.
<to be read again> 
                   \lst@hss 
l.63 ...pecial:Random?variant=zh-cn"    #åŠ ä¸Šzh-
                                                  cnç¡®ä¿çˆ¬ä¸‹æ¥çš„æ˜¯å¤§...
A number should have been here; I inserted `0'.
(If you can't figure out why I needed to see a number,
look up `weird error' in the index to The TeXbook.)

/Users/yaoxianglin/Desktop/è‡ªç„¶è¯­è¨€å¤„ç†/NLP_project_2025fall/HW1/main.tex:63: You can't use `\hss' after \advance.
\lst@FillFixed@ #1->\ifx \@empty #1\else \lst@hss 
                                                  #1\expandafter \lst@FillFi...
l.63 ...pecial:Random?variant=zh-cn"    #åŠ ä¸Šzh-
                                                  cnç¡®ä¿çˆ¬ä¸‹æ¥çš„æ˜¯å¤§...
I'm forgetting what you said and not changing anything.

/Users/yaoxianglin/Desktop/è‡ªç„¶è¯­è¨€å¤„ç†/NLP_project_2025fall/HW1/main.tex:63: Missing number, treated as zero.
<to be read again> 
                   \lst@hss 
l.63 ...pecial:Random?variant=zh-cn"    #åŠ ä¸Šzh-
                                                  cnç¡®ä¿çˆ¬ä¸‹æ¥çš„æ˜¯å¤§...
A number should have been here; I inserted `0'.
(If you can't figure out why I needed to see a number,
look up `weird error' in the index to The TeXbook.)

/Users/yaoxianglin/Desktop/è‡ªç„¶è¯­è¨€å¤„ç†/NLP_project_2025fall/HW1/main.tex:63: Missing number, treated as zero.
<to be read again> 
                   \lst@hss 
l.63 ...pecial:Random?variant=zh-cn"    #åŠ ä¸Šzh-
                                                  cnç¡®ä¿çˆ¬ä¸‹æ¥çš„æ˜¯å¤§...
A number should have been here; I inserted `0'.
(If you can't figure out why I needed to see a number,
look up `weird error' in the index to The TeXbook.)

/Users/yaoxianglin/Desktop/è‡ªç„¶è¯­è¨€å¤„ç†/NLP_project_2025fall/HW1/main.tex:63: Missing number, treated as zero.
<to be read again> 
                   \lst@hss 
l.63 ...pecial:Random?variant=zh-cn"    #åŠ ä¸Šzh-
                                                  cnç¡®ä¿çˆ¬ä¸‹æ¥çš„æ˜¯å¤§...
A number should have been here; I inserted `0'.
(If you can't figure out why I needed to see a number,
look up `weird error' in the index to The TeXbook.)

/Users/yaoxianglin/Desktop/è‡ªç„¶è¯­è¨€å¤„ç†/NLP_project_2025fall/HW1/main.tex:63: Missing number, treated as zero.
<to be read again> 
                   }
l.63 ...pecial:Random?variant=zh-cn"    #åŠ ä¸Šzh-
                                                  cnç¡®ä¿çˆ¬ä¸‹æ¥çš„æ˜¯å¤§...
A number should have been here; I inserted `0'.
(If you can't figure out why I needed to see a number,
look up `weird error' in the index to The TeXbook.)

/Users/yaoxianglin/Desktop/è‡ªç„¶è¯­è¨€å¤„ç†/NLP_project_2025fall/HW1/main.tex:63: Use of \expandafter doesn't match its definition.
\CJK@altchar ...ne {##1}}}\expandafter \CJK@tempa 
                                                  \expandafter {\CJK@gtemp }...
l.63 ...pecial:Random?variant=zh-cn"    #åŠ ä¸Šzh-
                                                  cnç¡®ä¿çˆ¬ä¸‹æ¥çš„æ˜¯å¤§...
If you say, e.g., `\def\a1{...}', then you must always
put `1' after `\a', since control sequence names are
made up of letters only. The macro here has not been
followed by the required stuff, so I'm ignoring it.

/Users/yaoxianglin/Desktop/è‡ªç„¶è¯­è¨€å¤„ç†/NLP_project_2025fall/HW1/main.tex:63: Use of \expandafter doesn't match its definition.
\CJK@altchar ...andafter \CJK@tempa \expandafter {
                                                  \CJK@gtemp }\@tempcnta #2\...
l.63 ...pecial:Random?variant=zh-cn"    #åŠ ä¸Šzh-
                                                  cnç¡®ä¿çˆ¬ä¸‹æ¥çš„æ˜¯å¤§...
If you say, e.g., `\def\a1{...}', then you must always
put `1' after `\a', since control sequence names are
made up of letters only. The macro here has not been
followed by the required stuff, so I'm ignoring it.

/Users/yaoxianglin/Desktop/è‡ªç„¶è¯­è¨€å¤„ç†/NLP_project_2025fall/HW1/main.tex:63: Improper alphabetic constant.
<to be read again> 
                   \lst@FillFixed@ 
l.63 ...pecial:Random?variant=zh-cn"    #åŠ ä¸Šzh-
                                                  cnç¡®ä¿çˆ¬ä¸‹æ¥çš„æ˜¯å¤§...
A one-character control sequence belongs after a ` mark.
So I'm essentially inserting \0 here.

/Users/yaoxianglin/Desktop/è‡ªç„¶è¯­è¨€å¤„ç†/NLP_project_2025fall/HW1/main.tex:63: Use of \expandafter doesn't match its definition.
\CJK@altchar ...mp }\@tempcnta #2\relax \multiply 
                                                  \@tempcntb -4\relax \advan...
l.63 ...pecial:Random?variant=zh-cn"    #åŠ ä¸Šzh-
                                                  cnç¡®ä¿çˆ¬ä¸‹æ¥çš„æ˜¯å¤§...
If you say, e.g., `\def\a1{...}', then you must always
put `1' after `\a', since control sequence names are
made up of letters only. The macro here has not been
followed by the required stuff, so I'm ignoring it.

/Users/yaoxianglin/Desktop/è‡ªç„¶è¯­è¨€å¤„ç†/NLP_project_2025fall/HW1/main.tex:63: Improper alphabetic constant.
<to be read again> 
                   \lst@ECŠ 
l.63 ...pecial:Random?variant=zh-cn"    #åŠ ä¸Šzh-
                                                  cnç¡®ä¿çˆ¬ä¸‹æ¥çš„æ˜¯å¤§...
A one-character control sequence belongs after a ` mark.
So I'm essentially inserting \0 here.

Missing character: There is no Š in font cmitt10!
/Users/yaoxianglin/Desktop/è‡ªç„¶è¯­è¨€å¤„ç†/NLP_project_2025fall/HW1/main.tex:63: Use of \expandafter doesn't match its definition.
\fontencoding  #1->\expandafter \ifx 
                                     \csname T@#1\endcsname \relax \@latex@e...
l.63 ...pecial:Random?variant=zh-cn"    #åŠ ä¸Šzh-
                                                  cnç¡®ä¿çˆ¬ä¸‹æ¥çš„æ˜¯å¤§...
If you say, e.g., `\def\a1{...}', then you must always
put `1' after `\a', since control sequence names are
made up of letters only. The macro here has not been
followed by the required stuff, so I'm ignoring it.


/Users/yaoxianglin/Desktop/è‡ªç„¶è¯­è¨€å¤„ç†/NLP_project_2025fall/HW1/main.tex:63: LaTeX Error: Encoding scheme `C70' unknown.

See the LaTeX manual or LaTeX Companion for explanation.
Type  H <return>  for immediate help.
 ...                                              
                                                  
l.63 ...pecial:Random?variant=zh-cn"    #åŠ ä¸Šzh-
                                                  cnç¡®ä¿çˆ¬ä¸‹æ¥çš„æ˜¯å¤§...
Your command was ignored.
Type  I <command> <return>  to replace it with another command,
or  <return>  to continue without it.

/Users/yaoxianglin/Desktop/è‡ªç„¶è¯­è¨€å¤„ç†/NLP_project_2025fall/HW1/main.tex:63: Extra \else.
\fontencoding  ...scheme `#1' unknown}\@eha \else 
                                                  \edef \f@encoding {#1}\ifx...
l.63 ...pecial:Random?variant=zh-cn"    #åŠ ä¸Šzh-
                                                  cnç¡®ä¿çˆ¬ä¸‹æ¥çš„æ˜¯å¤§...
I'm ignoring this; it doesn't match any \if.

/Users/yaoxianglin/Desktop/è‡ªç„¶è¯­è¨€å¤„ç†/NLP_project_2025fall/HW1/main.tex:63: Use of \expandafter doesn't match its definition.
\series@maybe@drop@one@m ...es@maybe@drop@one@m@x 
                                                  \expandafter {#1}
l.63 ...pecial:Random?variant=zh-cn"    #åŠ ä¸Šzh-
                                                  cnç¡®ä¿çˆ¬ä¸‹æ¥çš„æ˜¯å¤§...
If you say, e.g., `\def\a1{...}', then you must always
put `1' after `\a', since control sequence names are
made up of letters only. The macro here has not been
followed by the required stuff, so I'm ignoring it.

/Users/yaoxianglin/Desktop/è‡ªç„¶è¯­è¨€å¤„ç†/NLP_project_2025fall/HW1/main.tex:63: Use of \expandafter doesn't match its definition.
\series@maybe@drop@one@m ...one@m@x \expandafter {
                                                  #1}
l.63 ...pecial:Random?variant=zh-cn"    #åŠ ä¸Šzh-
                                                  cnç¡®ä¿çˆ¬ä¸‹æ¥çš„æ˜¯å¤§...
If you say, e.g., `\def\a1{...}', then you must always
put `1' after `\a', since control sequence names are
made up of letters only. The macro here has not been
followed by the required stuff, so I'm ignoring it.

/Users/yaoxianglin/Desktop/è‡ªç„¶è¯­è¨€å¤„ç†/NLP_project_2025fall/HW1/main.tex:63: Use of \expandafter doesn't match its definition.
\CJK@ifundefined ...ned \expandafter \@firstoftwo 
                                                  \else \expandafter \@secon...
l.63 ...pecial:Random?variant=zh-cn"    #åŠ ä¸Šzh-
                                                  cnç¡®ä¿çˆ¬ä¸‹æ¥çš„æ˜¯å¤§...
If you say, e.g., `\def\a1{...}', then you must always
put `1' after `\a', since control sequence names are
made up of letters only. The macro here has not been
followed by the required stuff, so I'm ignoring it.

/Users/yaoxianglin/Desktop/è‡ªç„¶è¯­è¨€å¤„ç†/NLP_project_2025fall/HW1/main.tex:63: Use of \expandafter doesn't match its definition.
\pickup@font ...ned \CJK@plane {\expandafter \ifx 
                                                  \font@name \relax \define@...
l.63 ...pecial:Random?variant=zh-cn"    #åŠ ä¸Šzh-
                                                  cnç¡®ä¿çˆ¬ä¸‹æ¥çš„æ˜¯å¤§...
If you say, e.g., `\def\a1{...}', then you must always
put `1' after `\a', since control sequence names are
made up of letters only. The macro here has not been
followed by the required stuff, so I'm ignoring it.

/Users/yaoxianglin/Desktop/è‡ªç„¶è¯­è¨€å¤„ç†/NLP_project_2025fall/HW1/main.tex:63: Use of expandafter doesn't match its definition.
define@newfont ...ar m@ne expandafter expandafter 
                                                  expandafter split@name exp...
l.63 ...pecial:Random?variant=zh-cn"    #åŠ ä¸Šzh-
                                                  cnç¡®ä¿çˆ¬ä¸‹æ¥çš„æ˜¯å¤§...
If you say, e.g., `\def\a1{...}', then you must always
put `1' after `\a', since control sequence names are
made up of letters only. The macro here has not been
followed by the required stuff, so I'm ignoring it.

/Users/yaoxianglin/Desktop/è‡ªç„¶è¯­è¨€å¤„ç†/NLP_project_2025fall/HW1/main.tex:63: Use of expandafter doesn't match its definition.
define@newfont ...andafter expandafter split@name 
                                                  expandafter string font@na...
l.63 ...pecial:Random?variant=zh-cn"    #åŠ ä¸Šzh-
                                                  cnç¡®ä¿çˆ¬ä¸‹æ¥çš„æ˜¯å¤§...
If you say, e.g., `\def\a1{...}', then you must always
put `1' after `\a', since control sequence names are
made up of letters only. The macro here has not been
followed by the required stuff, so I'm ignoring it.

/Users/yaoxianglin/Desktop/è‡ªç„¶è¯­è¨€å¤„ç†/NLP_project_2025fall/HW1/main.tex:63: Use of expandafter doesn't match its definition.
define@newfont ...r split@name expandafter string 
                                                  font@name @nil try@load@fo...
l.63 ...pecial:Random?variant=zh-cn"    #åŠ ä¸Šzh-
                                                  cnç¡®ä¿çˆ¬ä¸‹æ¥çš„æ˜¯å¤§...
If you say, e.g., `\def\a1{...}', then you must always
put `1' after `\a', since control sequence names are
made up of letters only. The macro here has not been
followed by the required stuff, so I'm ignoring it.

/Users/yaoxianglin/Desktop/è‡ªç„¶è¯­è¨€å¤„ç†/NLP_project_2025fall/HW1/main.tex:63: Undefined control sequence.
define@newfont ...pandafter string font@name @nil 
                                                  try@load@fontshape expanda...
l.63 ...pecial:Random?variant=zh-cn"    #åŠ ä¸Šzh-
                                                  cnç¡®ä¿çˆ¬ä¸‹æ¥çš„æ˜¯å¤§...
The control sequence at the end of the top line
of your error message was never \def'ed. If you have
misspelled it (e.g., `\hobx'), type `I' and the correct
spelling (e.g., `I\hbox'). Otherwise just continue,
and I'll forget about whatever was undefined.

/Users/yaoxianglin/Desktop/è‡ªç„¶è¯­è¨€å¤„ç†/NLP_project_2025fall/HW1/main.tex:63: Use of expandafter doesn't match its definition.
try@load@fontshape ->def space { }expandafter ifx 
                                                  csname f@encoding +f@famil...
l.63 ...pecial:Random?variant=zh-cn"    #åŠ ä¸Šzh-
                                                  cnç¡®ä¿çˆ¬ä¸‹æ¥çš„æ˜¯å¤§...
If you say, e.g., `\def\a1{...}', then you must always
put `1' after `\a', since control sequence names are
made up of letters only. The macro here has not been
followed by the required stuff, so I'm ignoring it.

LaTeX Font Info:    Trying to load font information for OT1+cmtt on input line 63.
/Users/yaoxianglin/Desktop/è‡ªç„¶è¯­è¨€å¤„ç†/NLP_project_2025fall/HW1/main.tex:63: Use of expandafter doesn't match its definition.
try@load@fontshape ...ily }global expandafter let 
                                                  csname f@encoding +f@famil...
l.63 ...pecial:Random?variant=zh-cn"    #åŠ ä¸Šzh-
                                                  cnç¡®ä¿çˆ¬ä¸‹æ¥çš„æ˜¯å¤§...
If you say, e.g., `\def\a1{...}', then you must always
put `1' after `\a', since control sequence names are
made up of letters only. The macro here has not been
followed by the required stuff, so I'm ignoring it.

/Users/yaoxianglin/Desktop/è‡ªç„¶è¯­è¨€å¤„ç†/NLP_project_2025fall/HW1/main.tex:63: Use of expandafter doesn't match its definition.
lst@makeletter ...elax expandafter lst@makeletter 
                                                  fi 
l.63 ...pecial:Random?variant=zh-cn"    #åŠ ä¸Šzh-
                                                  cnç¡®ä¿çˆ¬ä¸‹æ¥çš„æ˜¯å¤§...
If you say, e.g., `\def\a1{...}', then you must always
put `1' after `\a', since control sequence names are
made up of letters only. The macro here has not been
followed by the required stuff, so I'm ignoring it.

/Users/yaoxianglin/Desktop/è‡ªç„¶è¯­è¨€å¤„ç†/NLP_project_2025fall/HW1/main.tex:63: Use of expandafter doesn't match its definition.
set@curr@file ... escapechar m@ne expandafter def 
                                                  csname expandafter endcsna...
l.63 ...pecial:Random?variant=zh-cn"    #åŠ ä¸Šzh-
                                                  cnç¡®ä¿çˆ¬ä¸‹æ¥çš„æ˜¯å¤§...
If you say, e.g., `\def\a1{...}', then you must always
put `1' after `\a', since control sequence names are
made up of letters only. The macro here has not been
followed by the required stuff, so I'm ignoring it.

/Users/yaoxianglin/Desktop/è‡ªç„¶è¯­è¨€å¤„ç†/NLP_project_2025fall/HW1/main.tex:63: Use of expandafter doesn't match its definition.
set@curr@file ...def csname expandafter endcsname 
                                                  expandafter {csname endcsn...
l.63 ...pecial:Random?variant=zh-cn"    #åŠ ä¸Šzh-
                                                  cnç¡®ä¿çˆ¬ä¸‹æ¥çš„æ˜¯å¤§...
If you say, e.g., `\def\a1{...}', then you must always
put `1' after `\a', since control sequence names are
made up of letters only. The macro here has not been
followed by the required stuff, so I'm ignoring it.

/Users/yaoxianglin/Desktop/è‡ªç„¶è¯­è¨€å¤„ç†/NLP_project_2025fall/HW1/main.tex:63: Use of expandafter doesn't match its definition.
set@curr@file ...pandafter endcsname expandafter {
                                                  csname endcsname }@expl@@@...
l.63 ...pecial:Random?variant=zh-cn"    #åŠ ä¸Šzh-
                                                  cnç¡®ä¿çˆ¬ä¸‹æ¥çš„æ˜¯å¤§...
If you say, e.g., `\def\a1{...}', then you must always
put `1' after `\a', since control sequence names are
made up of letters only. The macro here has not been
followed by the required stuff, so I'm ignoring it.

/Users/yaoxianglin/Desktop/è‡ªç„¶è¯­è¨€å¤„ç†/NLP_project_2025fall/HW1/main.tex:63: Missing endcsname inserted.
<to be read again> 
                   csnameendcsname 
l.63 ...pecial:Random?variant=zh-cn"    #åŠ ä¸Šzh-
                                                  cnç¡®ä¿çˆ¬ä¸‹æ¥çš„æ˜¯å¤§...
The control sequence marked <to be read again> should
not appear between \csname and \endcsname.

/Users/yaoxianglin/Desktop/è‡ªç„¶è¯­è¨€å¤„ç†/NLP_project_2025fall/HW1/main.tex:63: Extra }, or forgotten endgroup.
set@curr@file ...e expandafter {csname endcsname }
                                                  @expl@@@filehook@if@no@ext...
l.63 ...pecial:Random?variant=zh-cn"    #åŠ ä¸Šzh-
                                                  cnç¡®ä¿çˆ¬ä¸‹æ¥çš„æ˜¯å¤§...
I've deleted a group-closing symbol because it seems to be
spurious, as in `$x}$'. But perhaps the } is legitimate and
you forgot something else, as in `\hbox{$x}'. In such cases
the way to recover is to insert both the forgotten and the
deleted material, e.g., by typing `I$}'.

/Users/yaoxianglin/Desktop/è‡ªç„¶è¯­è¨€å¤„ç†/NLP_project_2025fall/HW1/main.tex:63: Use of expandafter doesn't match its definition.
@kernel@make@file@csname ...er @set@curr@file@aux 
                                                  csname expandafter #2@firs...
l.63 ...pecial:Random?variant=zh-cn"    #åŠ ä¸Šzh-
                                                  cnç¡®ä¿çˆ¬ä¸‹æ¥çš„æ˜¯å¤§...
If you say, e.g., `\def\a1{...}', then you must always
put `1' after `\a', since control sequence names are
made up of letters only. The macro here has not been
followed by the required stuff, so I'm ignoring it.

/Users/yaoxianglin/Desktop/è‡ªç„¶è¯­è¨€å¤„ç†/NLP_project_2025fall/HW1/main.tex:63: Use of expandafter doesn't match its definition.
<argument> @expl@@@filehook@resolve@file@subst@@w 
                                                  
l.63 ...pecial:Random?variant=zh-cn"    #åŠ ä¸Šzh-
                                                  cnç¡®ä¿çˆ¬ä¸‹æ¥çš„æ˜¯å¤§...
If you say, e.g., `\def\a1{...}', then you must always
put `1' after `\a', since control sequence names are
made up of letters only. The macro here has not been
followed by the required stuff, so I'm ignoring it.

/Users/yaoxianglin/Desktop/è‡ªç„¶è¯­è¨€å¤„ç†/NLP_project_2025fall/HW1/main.tex:63: Undefined control sequence.
@kernel@make@file@csname ... #2@firstofone #3@nil 
                                                  endcsname }
l.63 ...pecial:Random?variant=zh-cn"    #åŠ ä¸Šzh-
                                                  cnç¡®ä¿çˆ¬ä¸‹æ¥çš„æ˜¯å¤§...
The control sequence at the end of the top line
of your error message was never \def'ed. If you have
misspelled it (e.g., `\hobx'), type `I' and the correct
spelling (e.g., `I\hbox'). Otherwise just continue,
and I'll forget about whatever was undefined.

/Users/yaoxianglin/Desktop/è‡ªç„¶è¯­è¨€å¤„ç†/NLP_project_2025fall/HW1/main.tex:63: Use of expandafter doesn't match its definition.
IfFileExists  ...le {#1}expandafter IfFileExists@ 
                                                  expandafter {@curr@file }
l.63 ...pecial:Random?variant=zh-cn"    #åŠ ä¸Šzh-
                                                  cnç¡®ä¿çˆ¬ä¸‹æ¥çš„æ˜¯å¤§...
If you say, e.g., `\def\a1{...}', then you must always
put `1' after `\a', since control sequence names are
made up of letters only. The macro here has not been
followed by the required stuff, so I'm ignoring it.

/Users/yaoxianglin/Desktop/è‡ªç„¶è¯­è¨€å¤„ç†/NLP_project_2025fall/HW1/main.tex:63: Use of expandafter doesn't match its definition.
IfFileExists  ...after IfFileExists@ expandafter {
                                                  @curr@file }
l.63 ...pecial:Random?variant=zh-cn"    #åŠ ä¸Šzh-
                                                  cnç¡®ä¿çˆ¬ä¸‹æ¥çš„æ˜¯å¤§...
If you say, e.g., `\def\a1{...}', then you must always
put `1' after `\a', since control sequence names are
made up of letters only. The macro here has not been
followed by the required stuff, so I'm ignoring it.

/Users/yaoxianglin/Desktop/è‡ªç„¶è¯­è¨€å¤„ç†/NLP_project_2025fall/HW1/main.tex:63: Undefined control sequence.
@curr@file ->ot1cmtt.fd 
                        
l.63 ...pecial:Random?variant=zh-cn"    #åŠ ä¸Šzh-
                                                  cnç¡®ä¿çˆ¬ä¸‹æ¥çš„æ˜¯å¤§...
The control sequence at the end of the top line
of your error message was never \def'ed. If you have
misspelled it (e.g., `\hobx'), type `I' and the correct
spelling (e.g., `I\hbox'). Otherwise just continue,
and I'll forget about whatever was undefined.

/Users/yaoxianglin/Desktop/è‡ªç„¶è¯­è¨€å¤„ç†/NLP_project_2025fall/HW1/main.tex:63: Extra }, or forgotten endgroup.
IfFileExists  ...Exists@ expandafter {@curr@file }
                                                  
l.63 ...pecial:Random?variant=zh-cn"    #åŠ ä¸Šzh-
                                                  cnç¡®ä¿çˆ¬ä¸‹æ¥çš„æ˜¯å¤§...
I've deleted a group-closing symbol because it seems to be
spurious, as in `$x}$'. But perhaps the } is legitimate and
you forgot something else, as in `\hbox{$x}'. In such cases
the way to recover is to insert both the forgotten and the
deleted material, e.g., by typing `I$}'.

/Users/yaoxianglin/Desktop/è‡ªç„¶è¯­è¨€å¤„ç†/NLP_project_2025fall/HW1/main.tex:63: Undefined control sequence.
@curr@file ->ot1cmtt.fd 
                        
l.63 ...pecial:Random?variant=zh-cn"    #åŠ ä¸Šzh-
                                                  cnç¡®ä¿çˆ¬ä¸‹æ¥çš„æ˜¯å¤§...
The control sequence at the end of the top line
of your error message was never \def'ed. If you have
misspelled it (e.g., `\hobx'), type `I' and the correct
spelling (e.g., `I\hbox'). Otherwise just continue,
and I'll forget about whatever was undefined.

/Users/yaoxianglin/Desktop/è‡ªç„¶è¯­è¨€å¤„ç†/NLP_project_2025fall/HW1/main.tex:63: Use of expandafter doesn't match its definition.
InputIfFileExists  ...le expandafter @swaptwoargs 
                                                  expandafter {expandafter @...
l.63 ...pecial:Random?variant=zh-cn"    #åŠ ä¸Šzh-
                                                  cnç¡®ä¿çˆ¬ä¸‹æ¥çš„æ˜¯å¤§...
If you say, e.g., `\def\a1{...}', then you must always
put `1' after `\a', since control sequence names are
made up of letters only. The macro here has not been
followed by the required stuff, so I'm ignoring it.

/Users/yaoxianglin/Desktop/è‡ªç„¶è¯­è¨€å¤„ç†/NLP_project_2025fall/HW1/main.tex:63: Use of expandafter doesn't match its definition.
InputIfFileExists  ...r @swaptwoargs expandafter {
                                                  expandafter @input@file@ex...
l.63 ...pecial:Random?variant=zh-cn"    #åŠ ä¸Šzh-
                                                  cnç¡®ä¿çˆ¬ä¸‹æ¥çš„æ˜¯å¤§...
If you say, e.g., `\def\a1{...}', then you must always
put `1' after `\a', since control sequence names are
made up of letters only. The macro here has not been
followed by the required stuff, so I'm ignoring it.

/Users/yaoxianglin/Desktop/è‡ªç„¶è¯­è¨€å¤„ç†/NLP_project_2025fall/HW1/main.tex:63: Use of expandafter doesn't match its definition.
InputIfFileExists  ...nput@file@exists@with@hooks 
                                                  expandafter {@filef@und }}...
l.63 ...pecial:Random?variant=zh-cn"    #åŠ ä¸Šzh-
                                                  cnç¡®ä¿çˆ¬ä¸‹æ¥çš„æ˜¯å¤§...
If you say, e.g., `\def\a1{...}', then you must always
put `1' after `\a', since control sequence names are
made up of letters only. The macro here has not been
followed by the required stuff, so I'm ignoring it.

/Users/yaoxianglin/Desktop/è‡ªç„¶è¯­è¨€å¤„ç†/NLP_project_2025fall/HW1/main.tex:63: Use of expandafter doesn't match its definition.
InputIfFileExists  ...sts@with@hooks expandafter {
                                                  @filef@und }}{#2}@expl@@@f...
l.63 ...pecial:Random?variant=zh-cn"    #åŠ ä¸Šzh-
                                                  cnç¡®ä¿çˆ¬ä¸‹æ¥çš„æ˜¯å¤§...
If you say, e.g., `\def\a1{...}', then you must always
put `1' after `\a', since control sequence names are
made up of letters only. The macro here has not been
followed by the required stuff, so I'm ignoring it.

/Users/yaoxianglin/Desktop/è‡ªç„¶è¯­è¨€å¤„ç†/NLP_project_2025fall/HW1/main.tex:63: Extra }, or forgotten endgroup.
InputIfFileExists  ...s expandafter {@filef@und }}
                                                  {#2}@expl@@@filehook@file@...
l.63 ...pecial:Random?variant=zh-cn"    #åŠ ä¸Šzh-
                                                  cnç¡®ä¿çˆ¬ä¸‹æ¥çš„æ˜¯å¤§...
I've deleted a group-closing symbol because it seems to be
spurious, as in `$x}$'. But perhaps the } is legitimate and
you forgot something else, as in `\hbox{$x}'. In such cases
the way to recover is to insert both the forgotten and the
deleted material, e.g., by typing `I$}'.

/Users/yaoxianglin/Desktop/è‡ªç„¶è¯­è¨€å¤„ç†/NLP_project_2025fall/HW1/main.tex:63: Extra }, or forgotten endgroup.
InputIfFileExists  ...expl@@@filehook@file@pop@@ }
                                                  
l.63 ...pecial:Random?variant=zh-cn"    #åŠ ä¸Šzh-
                                                  cnç¡®ä¿çˆ¬ä¸‹æ¥çš„æ˜¯å¤§...
I've deleted a group-closing symbol because it seems to be
spurious, as in `$x}$'. But perhaps the } is legitimate and
you forgot something else, as in `\hbox{$x}'. In such cases
the way to recover is to insert both the forgotten and the
deleted material, e.g., by typing `I$}'.

/Users/yaoxianglin/Desktop/è‡ªç„¶è¯­è¨€å¤„ç†/NLP_project_2025fall/HW1/main.tex:63: Use of expandafter doesn't match its definition.
set@curr@file ... escapechar m@ne expandafter def 
                                                  csname expandafter endcsna...
l.63 ...pecial:Random?variant=zh-cn"    #åŠ ä¸Šzh-
                                                  cnç¡®ä¿çˆ¬ä¸‹æ¥çš„æ˜¯å¤§...
If you say, e.g., `\def\a1{...}', then you must always
put `1' after `\a', since control sequence names are
made up of letters only. The macro here has not been
followed by the required stuff, so I'm ignoring it.

/Users/yaoxianglin/Desktop/è‡ªç„¶è¯­è¨€å¤„ç†/NLP_project_2025fall/HW1/main.tex:63: Use of expandafter doesn't match its definition.
set@curr@file ...def csname expandafter endcsname 
                                                  expandafter {csname endcsn...
l.63 ...pecial:Random?variant=zh-cn"    #åŠ ä¸Šzh-
                                                  cnç¡®ä¿çˆ¬ä¸‹æ¥çš„æ˜¯å¤§...
If you say, e.g., `\def\a1{...}', then you must always
put `1' after `\a', since control sequence names are
made up of letters only. The macro here has not been
followed by the required stuff, so I'm ignoring it.

/Users/yaoxianglin/Desktop/è‡ªç„¶è¯­è¨€å¤„ç†/NLP_project_2025fall/HW1/main.tex:63: Use of expandafter doesn't match its definition.
set@curr@file ...pandafter endcsname expandafter {
                                                  csname endcsname }@expl@@@...
l.63 ...pecial:Random?variant=zh-cn"    #åŠ ä¸Šzh-
                                                  cnç¡®ä¿çˆ¬ä¸‹æ¥çš„æ˜¯å¤§...
If you say, e.g., `\def\a1{...}', then you must always
put `1' after `\a', since control sequence names are
made up of letters only. The macro here has not been
followed by the required stuff, so I'm ignoring it.

/Users/yaoxianglin/Desktop/è‡ªç„¶è¯­è¨€å¤„ç†/NLP_project_2025fall/HW1/main.tex:63: Missing endcsname inserted.
<to be read again> 
                   csnameendcsname 
l.63 ...pecial:Random?variant=zh-cn"    #åŠ ä¸Šzh-
                                                  cnç¡®ä¿çˆ¬ä¸‹æ¥çš„æ˜¯å¤§...
The control sequence marked <to be read again> should
not appear between \csname and \endcsname.

/Users/yaoxianglin/Desktop/è‡ªç„¶è¯­è¨€å¤„ç†/NLP_project_2025fall/HW1/main.tex:63: Extra }, or forgotten endgroup.
set@curr@file ...e expandafter {csname endcsname }
                                                  @expl@@@filehook@if@no@ext...
l.63 ...pecial:Random?variant=zh-cn"    #åŠ ä¸Šzh-
                                                  cnç¡®ä¿çˆ¬ä¸‹æ¥çš„æ˜¯å¤§...
I've deleted a group-closing symbol because it seems to be
spurious, as in `$x}$'. But perhaps the } is legitimate and
you forgot something else, as in `\hbox{$x}'. In such cases
the way to recover is to insert both the forgotten and the
deleted material, e.g., by typing `I$}'.

/Users/yaoxianglin/Desktop/è‡ªç„¶è¯­è¨€å¤„ç†/NLP_project_2025fall/HW1/main.tex:63: Use of expandafter doesn't match its definition.
@kernel@make@file@csname ...er @set@curr@file@aux 
                                                  csname expandafter #2@firs...
l.63 ...pecial:Random?variant=zh-cn"    #åŠ ä¸Šzh-
                                                  cnç¡®ä¿çˆ¬ä¸‹æ¥çš„æ˜¯å¤§...
If you say, e.g., `\def\a1{...}', then you must always
put `1' after `\a', since control sequence names are
made up of letters only. The macro here has not been
followed by the required stuff, so I'm ignoring it.

/Users/yaoxianglin/Desktop/è‡ªç„¶è¯­è¨€å¤„ç†/NLP_project_2025fall/HW1/main.tex:63: Use of expandafter doesn't match its definition.
<argument> @expl@@@filehook@resolve@file@subst@@w 
                                                  
l.63 ...pecial:Random?variant=zh-cn"    #åŠ ä¸Šzh-
                                                  cnç¡®ä¿çˆ¬ä¸‹æ¥çš„æ˜¯å¤§...
If you say, e.g., `\def\a1{...}', then you must always
put `1' after `\a', since control sequence names are
made up of letters only. The macro here has not been
followed by the required stuff, so I'm ignoring it.

/Users/yaoxianglin/Desktop/è‡ªç„¶è¯­è¨€å¤„ç†/NLP_project_2025fall/HW1/main.tex:63: Undefined control sequence.
@kernel@make@file@csname ... #2@firstofone #3@nil 
                                                  endcsname }
l.63 ...pecial:Random?variant=zh-cn"    #åŠ ä¸Šzh-
                                                  cnç¡®ä¿çˆ¬ä¸‹æ¥çš„æ˜¯å¤§...
The control sequence at the end of the top line
of your error message was never \def'ed. If you have
misspelled it (e.g., `\hobx'), type `I' and the correct
spelling (e.g., `I\hbox'). Otherwise just continue,
and I'll forget about whatever was undefined.

/Users/yaoxianglin/Desktop/è‡ªç„¶è¯­è¨€å¤„ç†/NLP_project_2025fall/HW1/main.tex:63: Use of expandafter doesn't match its definition.
IfFileExists  ...le {#1}expandafter IfFileExists@ 
                                                  expandafter {@curr@file }
l.63 ...pecial:Random?variant=zh-cn"    #åŠ ä¸Šzh-
                                                  cnç¡®ä¿çˆ¬ä¸‹æ¥çš„æ˜¯å¤§...
If you say, e.g., `\def\a1{...}', then you must always
put `1' after `\a', since control sequence names are
made up of letters only. The macro here has not been
followed by the required stuff, so I'm ignoring it.

/Users/yaoxianglin/Desktop/è‡ªç„¶è¯­è¨€å¤„ç†/NLP_project_2025fall/HW1/main.tex:63: Use of expandafter doesn't match its definition.
IfFileExists  ...after IfFileExists@ expandafter {
                                                  @curr@file }
l.63 ...pecial:Random?variant=zh-cn"    #åŠ ä¸Šzh-
                                                  cnç¡®ä¿çˆ¬ä¸‹æ¥çš„æ˜¯å¤§...
If you say, e.g., `\def\a1{...}', then you must always
put `1' after `\a', since control sequence names are
made up of letters only. The macro here has not been
followed by the required stuff, so I'm ignoring it.

/Users/yaoxianglin/Desktop/è‡ªç„¶è¯­è¨€å¤„ç†/NLP_project_2025fall/HW1/main.tex:63: Undefined control sequence.
@curr@file ->OT1cmtt.fd 
                        
l.63 ...pecial:Random?variant=zh-cn"    #åŠ ä¸Šzh-
                                                  cnç¡®ä¿çˆ¬ä¸‹æ¥çš„æ˜¯å¤§...
The control sequence at the end of the top line
of your error message was never \def'ed. If you have
misspelled it (e.g., `\hobx'), type `I' and the correct
spelling (e.g., `I\hbox'). Otherwise just continue,
and I'll forget about whatever was undefined.

/Users/yaoxianglin/Desktop/è‡ªç„¶è¯­è¨€å¤„ç†/NLP_project_2025fall/HW1/main.tex:63: Undefined control sequence.
@curr@file ->OT1cmtt.fd 
                        
l.63 ...pecial:Random?variant=zh-cn"    #åŠ ä¸Šzh-
                                                  cnç¡®ä¿çˆ¬ä¸‹æ¥çš„æ˜¯å¤§...
The control sequence at the end of the top line
of your error message was never \def'ed. If you have
misspelled it (e.g., `\hobx'), type `I' and the correct
spelling (e.g., `I\hbox'). Otherwise just continue,
and I'll forget about whatever was undefined.

/Users/yaoxianglin/Desktop/è‡ªç„¶è¯­è¨€å¤„ç†/NLP_project_2025fall/HW1/main.tex:63: Use of expandafter doesn't match its definition.
InputIfFileExists  ...le expandafter @swaptwoargs 
                                                  expandafter {expandafter @...
l.63 ...pecial:Random?variant=zh-cn"    #åŠ ä¸Šzh-
                                                  cnç¡®ä¿çˆ¬ä¸‹æ¥çš„æ˜¯å¤§...
If you say, e.g., `\def\a1{...}', then you must always
put `1' after `\a', since control sequence names are
made up of letters only. The macro here has not been
followed by the required stuff, so I'm ignoring it.

/Users/yaoxianglin/Desktop/è‡ªç„¶è¯­è¨€å¤„ç†/NLP_project_2025fall/HW1/main.tex:63: Use of expandafter doesn't match its definition.
InputIfFileExists  ...r @swaptwoargs expandafter {
                                                  expandafter @input@file@ex...
l.63 ...pecial:Random?variant=zh-cn"    #åŠ ä¸Šzh-
                                                  cnç¡®ä¿çˆ¬ä¸‹æ¥çš„æ˜¯å¤§...
If you say, e.g., `\def\a1{...}', then you must always
put `1' after `\a', since control sequence names are
made up of letters only. The macro here has not been
followed by the required stuff, so I'm ignoring it.

/Users/yaoxianglin/Desktop/è‡ªç„¶è¯­è¨€å¤„ç†/NLP_project_2025fall/HW1/main.tex:63: Use of expandafter doesn't match its definition.
InputIfFileExists  ...nput@file@exists@with@hooks 
                                                  expandafter {@filef@und }}...
l.63 ...pecial:Random?variant=zh-cn"    #åŠ ä¸Šzh-
                                                  cnç¡®ä¿çˆ¬ä¸‹æ¥çš„æ˜¯å¤§...
If you say, e.g., `\def\a1{...}', then you must always
put `1' after `\a', since control sequence names are
made up of letters only. The macro here has not been
followed by the required stuff, so I'm ignoring it.

/Users/yaoxianglin/Desktop/è‡ªç„¶è¯­è¨€å¤„ç†/NLP_project_2025fall/HW1/main.tex:63: Use of expandafter doesn't match its definition.
InputIfFileExists  ...sts@with@hooks expandafter {
                                                  @filef@und }}{#2}@expl@@@f...
l.63 ...pecial:Random?variant=zh-cn"    #åŠ ä¸Šzh-
                                                  cnç¡®ä¿çˆ¬ä¸‹æ¥çš„æ˜¯å¤§...
If you say, e.g., `\def\a1{...}', then you must always
put `1' after `\a', since control sequence names are
made up of letters only. The macro here has not been
followed by the required stuff, so I'm ignoring it.

/Users/yaoxianglin/Desktop/è‡ªç„¶è¯­è¨€å¤„ç†/NLP_project_2025fall/HW1/main.tex:63: Extra }, or forgotten endgroup.
InputIfFileExists  ...s expandafter {@filef@und }}
                                                  {#2}@expl@@@filehook@file@...
l.63 ...pecial:Random?variant=zh-cn"    #åŠ ä¸Šzh-
                                                  cnç¡®ä¿çˆ¬ä¸‹æ¥çš„æ˜¯å¤§...
I've deleted a group-closing symbol because it seems to be
spurious, as in `$x}$'. But perhaps the } is legitimate and
you forgot something else, as in `\hbox{$x}'. In such cases
the way to recover is to insert both the forgotten and the
deleted material, e.g., by typing `I$}'.

/Users/yaoxianglin/Desktop/è‡ªç„¶è¯­è¨€å¤„ç†/NLP_project_2025fall/HW1/main.tex:63: Extra }, or forgotten endgroup.
InputIfFileExists  ...expl@@@filehook@file@pop@@ }
                                                  
l.63 ...pecial:Random?variant=zh-cn"    #åŠ ä¸Šzh-
                                                  cnç¡®ä¿çˆ¬ä¸‹æ¥çš„æ˜¯å¤§...
I've deleted a group-closing symbol because it seems to be
spurious, as in `$x}$'. But perhaps the } is legitimate and
you forgot something else, as in `\hbox{$x}'. In such cases
the way to recover is to insert both the forgotten and the
deleted material, e.g., by typing `I$}'.

LaTeX Font Info:    No file OT1cmtt.fd. on input line 63.
/Users/yaoxianglin/Desktop/è‡ªç„¶è¯­è¨€å¤„ç†/NLP_project_2025fall/HW1/main.tex:63: Extra }, or forgotten endgroup.
try@load@fontshape ...@ {f@encoding f@family .fd}}
                                                  fi CJK@load@fdx 
l.63 ...pecial:Random?variant=zh-cn"    #åŠ ä¸Šzh-
                                                  cnç¡®ä¿çˆ¬ä¸‹æ¥çš„æ˜¯å¤§...
I've deleted a group-closing symbol because it seems to be
spurious, as in `$x}$'. But perhaps the } is legitimate and
you forgot something else, as in `\hbox{$x}'. In such cases
the way to recover is to insert both the forgotten and the
deleted material, e.g., by typing `I$}'.

/Users/yaoxianglin/Desktop/è‡ªç„¶è¯­è¨€å¤„ç†/NLP_project_2025fall/HW1/main.tex:63: Use of expandafter doesn't match its definition.
CJK@load@fdx ->expandafter ifx 
                               csname f@encoding +f@family +xendcsname relax...
l.63 ...pecial:Random?variant=zh-cn"    #åŠ ä¸Šzh-
                                                  cnç¡®ä¿çˆ¬ä¸‹æ¥çš„æ˜¯å¤§...
(That makes 100 errors; please try again.) 
Here is how much of TeX's memory you used:
 10059 strings out of 478994
 153399 string characters out of 5858184
 641044 words of memory out of 5000000
 27169 multiletter control sequences out of 15000+600000
 433483 words of font info for 138 fonts, out of 8000000 for 9000
 1141 hyphenation exceptions out of 8191
 87i,3n,90p,847b,1409s stack positions out of 5000i,500n,10000p,200000b,80000s

/Users/yaoxianglin/Desktop/è‡ªç„¶è¯­è¨€å¤„ç†/NLP_project_2025fall/HW1/main.tex:63:  ==> Fatal error occurred, no output PDF file produced!
